{"name": "Проверка добавления заказа в раздел в работе", "status": "failed", "statusDetails": {"message": "AssertionError: assert '9999' == 'Все текущие заказы готовы!'\n  - Все текущие заказы готовы!\n  + 9999", "trace": "self = <test_order_feed.TestOrderFeed object at 0x0000018793E3B640>, driver = <selenium.webdriver.chrome.webdriver.WebDriver (session=\"75117f43b48c76dff052d0abbe8b450f\")>\n\n    @allure.title('Проверка добавления заказа в раздел в работе')\n    def test_order_in_work(self, driver):\n        order_feed = OrderFeed(driver)\n        order_feed.click_personal_area_tab()\n        order_feed.wait_click_login_botton()\n        order_feed.fill_authorization_fields()\n        order_feed.click_login_tab()\n        order_feed.wait_make_order_button()\n        order_feed.choose_ingredient_tab()\n        order_feed.click_make_order_tab()\n        order_feed.wait_visibility_order_identifier()\n        number_of_order = order_feed.make_num_order()\n        order_feed.click_close_window()\n        order_feed.wait_make_order_button()\n        order_feed.click_order_feed_tab()\n        order_feed.wait_visibility_list_orders_in_work()\n        number_of_order_in_work = order_feed.make_num_order_in_work()\n>       assert  number_of_order == number_of_order_in_work\nE       AssertionError: assert '9999' == 'Все текущие заказы готовы!'\nE         - Все текущие заказы готовы!\nE         + 9999\n\ntests\\test_order_feed.py:105: AssertionError"}, "steps": [{"name": "Нажать Личный кабинет", "status": "passed", "start": 1701335681062, "stop": 1701335681168}, {"name": "Ожидание кнопки Войти", "status": "passed", "start": 1701335681168, "stop": 1701335681225}, {"name": "Заполнить поля авторизации", "status": "passed", "start": 1701335681225, "stop": 1701335681494}, {"name": "Нажать Войти", "status": "passed", "start": 1701335681494, "stop": 1701335681590}, {"name": "Ожидание кнопки Оформить заказ", "status": "passed", "start": 1701335681591, "stop": 1701335682181}, {"name": "Проверка добавления ингредиента в корзину", "status": "passed", "start": 1701335682182, "stop": 1701335682802}, {"name": "Нажать оформить заказ", "status": "passed", "start": 1701335682802, "stop": 1701335682895}, {"name": "Ожидание элемента на окне заказа", "status": "passed", "start": 1701335682895, "stop": 1701335682924}, {"name": "Получить номер заказа при оформлении", "status": "passed", "start": 1701335682924, "stop": 1701335682974}, {"name": "Нажать закрыть окно", "status": "passed", "start": 1701335682974, "stop": 1701335683722}, {"name": "Ожидание кнопки Оформить заказ", "status": "passed", "start": 1701335683723, "stop": 1701335683776}, {"name": "Нажать Лента заказов", "status": "passed", "start": 1701335683776, "stop": 1701335683963}, {"name": "Ожидание заказа в работе", "status": "passed", "start": 1701335683963, "stop": 1701335684508}, {"name": "Получить номер заказа в работе", "status": "passed", "start": 1701335684509, "stop": 1701335684560}], "parameters": [{"name": "driver", "value": "'chrome'"}], "start": 1701335681062, "stop": 1701335684560, "uuid": "ad1bcc55-ce1b-40ee-bc53-d77d16ab4ef3", "historyId": "aaacbade4703aca9daf8a0ed210a3e4c", "testCaseId": "3a17228cbd245b15de95d685ae148b6a", "fullName": "tests.test_order_feed.TestOrderFeed#test_order_in_work", "labels": [{"name": "parentSuite", "value": "tests"}, {"name": "suite", "value": "test_order_feed"}, {"name": "subSuite", "value": "TestOrderFeed"}, {"name": "host", "value": "DESKTOP-S763K3V"}, {"name": "thread", "value": "15772-MainThread"}, {"name": "framework", "value": "pytest"}, {"name": "language", "value": "cpython3"}, {"name": "package", "value": "tests.test_order_feed"}]}